<?xml version="1.0" encoding="UTF-8"?>
<testsuite name="com.example.api.controller.SubscriptionControllerTest" tests="2" skipped="0" failures="0" errors="0" timestamp="2026-08-19T20:15:18" hostname="795129d806af" time="1.032">
  <properties/>
  <testcase name="createsSubscription_success()" classname="com.example.api.controller.SubscriptionControllerTest" time="1.01"/>
  <testcase name="createsSubscription_failure()" classname="com.example.api.controller.SubscriptionControllerTest" time="0.019"/>
  <system-out><![CDATA[20:15:09.465 [Test worker] INFO org.springframework.test.context.support.AnnotationConfigContextLoaderUtils -- Could not detect default configuration classes for test class [com.example.api.controller.SubscriptionControllerTest]: SubscriptionControllerTest does not declare any static, non-private, non-final, nested classes annotated with @Configuration.
20:15:10.106 [Test worker] INFO org.springframework.boot.test.context.SpringBootTestContextBootstrapper -- Found @SpringBootConfiguration com.example.api.ApiApplication for test class com.example.api.controller.SubscriptionControllerTest
  .   ____          _            __ _ _
 /\\ / ___'_ __ _ _(_)_ __  __ _ \ \ \ \
( ( )\___ | '_ | '_| | '_ \/ _` | \ \ \ \
 \\/  ___)| |_)| | | | | || (_| |  ) ) ) )
  '  |____| .__|_| |_|_| |_\__, | / / / /
 =========|_|==============|___/=/_/_/_/

 :: Spring Boot ::                (v3.3.0)

2026-08-19T20:15:11.706Z  INFO 536 --- [    Test worker] c.e.a.c.SubscriptionControllerTest       : Starting SubscriptionControllerTest using Java 17.0.11 with PID 536 (started by root in /app)
2026-08-19T20:15:11.710Z  INFO 536 --- [    Test worker] c.e.a.c.SubscriptionControllerTest       : No active profile set, falling back to 1 default profile: "default"
2026-08-19T20:15:18.085Z  INFO 536 --- [    Test worker] o.s.b.t.m.w.SpringBootMockServletContext : Initializing Spring TestDispatcherServlet ''
2026-08-19T20:15:18.086Z  INFO 536 --- [    Test worker] o.s.t.web.servlet.TestDispatcherServlet  : Initializing Servlet ''
2026-08-19T20:15:18.092Z  INFO 536 --- [    Test worker] o.s.t.web.servlet.TestDispatcherServlet  : Completed initialization in 3 ms
2026-08-19T20:15:18.146Z  INFO 536 --- [    Test worker] c.e.a.c.SubscriptionControllerTest       : Started SubscriptionControllerTest in 7.743 seconds (process running for 10.802)
]]></system-out>
  <system-err><![CDATA[]]></system-err>
</testsuite>
